{"level":"debug","time":"2022-12-13T15:58:08.464+0530","caller":"cmd/bin.go:170","msg":"HyperExecute cli version: 0.2.21"}
{"level":"error","time":"2022-12-13T15:58:10.012+0530","caller":"configmanager/configManager.go:39","msg":"2022-12-13T15:58:08+05:30    error    \u001b[91mERR::HTTP::RESP\u001b[0m     non-20x status code 422 - error in authenticating user."}
{"level":"error","time":"2022-12-13T15:58:10.012+0530","caller":"core/lifecycle.go:66","msg":"2022-12-13T15:58:08+05:30    error    \u001b[91mERR::HTTP::RESP\u001b[0m     non-20x status code 422 - Error finding the configuration for the user."}
{"level":"debug","time":"2022-12-13T15:58:11.541+0530","caller":"core/lifecycle.go:95","msg":"Upstream version: {Name: Min:0.2.21 Max:0.2.21} "}
{"level":"debug","time":"2022-12-13T15:58:11.541+0530","caller":"core/lifecycle.go:112","msg":"Setting environment"}
{"level":"debug","time":"2022-12-13T15:58:11.541+0530","caller":"core/lifecycle.go:118","msg":"Parsing config"}
{"level":"debug","time":"2022-12-13T15:58:11.541+0530","caller":"yamlconfigmanager/setup.go:347","msg":"Custom location for .hyperexecute.yaml specified. Using: hyperexecuteStatic.yaml"}
{"level":"debug","time":"2022-12-13T15:58:11.541+0530","caller":"yamlconfigmanager/setup.go:64","msg":"using hyperexecute config from : hyperexecuteStatic.yaml"}
{"level":"debug","time":"2022-12-13T15:58:13.682+0530","caller":"yamlconfigmanager/setup.go:1297","msg":"Autodetecting test type in files of path : /Users/vishnu/testsuites/hyperexecute/Testng-HYE"}
{"level":"debug","time":"2022-12-13T15:58:13.684+0530","caller":"yamlconfigmanager/setup.go:300","msg":"Tunnel: false"}
{"level":"info","time":"2022-12-13T15:58:13.684+0530","caller":"models/HypertestYamlConfig.go:186","msg":"\n\u001b[4m\u001b[1m\u001b[97mExecution Plan\u001b[0m\u001b[0m\u001b[0m"}
{"level":"info","time":"2022-12-13T15:58:13.684+0530","caller":"models/HypertestYamlConfig.go:190","msg":"Mode:    \u001b[36mautosplit\u001b[0m"}
{"level":"info","time":"2022-12-13T15:58:13.684+0530","caller":"models/HypertestYamlConfig.go:221","msg":"Runson:    \u001b[36mwin\u001b[0m"}
{"level":"info","time":"2022-12-13T15:58:13.684+0530","caller":"models/HypertestYamlConfig.go:225","msg":"Concurrency:    \u001b[36m5\u001b[0m"}
{"level":"info","time":"2022-12-13T15:58:13.685+0530","caller":"models/HypertestYamlConfig.go:257","msg":"Report:    \u001b[36menabled\u001b[0m"}
{"level":"info","time":"2022-12-13T15:58:13.685+0530","caller":"models/HypertestYamlConfig.go:260","msg":"Artefacts:"}
{"level":"info","time":"2022-12-13T15:58:13.685+0530","caller":"models/HypertestYamlConfig.go:263","msg":"    Files:    \u001b[36m/**\u001b[0m"}
{"level":"info","time":"2022-12-13T15:58:13.685+0530","caller":"models/HypertestYamlConfig.go:274","msg":"Cache Directories:"}
{"level":"info","time":"2022-12-13T15:58:13.685+0530","caller":"models/HypertestYamlConfig.go:276","msg":"    \u001b[36m.m2\u001b[0m"}
{"level":"info","time":"2022-12-13T15:58:13.685+0530","caller":"models/HypertestYamlConfig.go:297","msg":""}
{"level":"debug","time":"2022-12-13T15:58:13.685+0530","caller":"filevalidator/setup.go:51","msg":"Warning: Checking data.json file in current directory, no dataJsonPath found in .hyperexecute.yaml"}
{"level":"debug","time":"2022-12-13T15:58:13.685+0530","caller":"filevalidator/setup.go:55","msg":"Warning: data.json file doesn't exist"}
{"level":"debug","time":"2022-12-13T15:58:13.685+0530","caller":"testdiscoverer/discoverer.go:62","msg":"Test Discovery Command: grep 'test name' src/test/java/testng.xml | awk '{print$2}' | sed 's/name=//g' | sed 's/\\x3e//g'"}
{"level":"info","time":"2022-12-13T15:58:13.716+0530","caller":"testdiscoverer/discoverer.go:75","msg":"\u001b[4m\u001b[1m\u001b[97mTest Discovery Result: 55\u001b[0m\u001b[0m\u001b[0m"}
{"level":"info","time":"2022-12-13T15:58:13.716+0530","caller":"testdiscoverer/discoverer.go:76","msg":"    \u001b[2m\"Chrome\"\r\u001b[0m\n    \u001b[2m\"firefox\"\r\u001b[0m\n    \u001b[2m\"Edge\"\r\u001b[0m\n    \u001b[2m\"Chrome_1\"\r\u001b[0m\n    \u001b[2m\"firefox_1\"\r\u001b[0m\n    \u001b[2m\"Edge_1\"\r\u001b[0m\n    \u001b[2m\"firefox_2\"\r\u001b[0m\n    \u001b[2m\"Edge_2\"\r\u001b[0m\n    \u001b[2m\"Chrome_3\"\r\u001b[0m\n    \u001b[2m\"firefox_3\"\r\u001b[0m\n    \u001b[2m\"70\"\r\u001b[0m\n    \u001b[2m\"71\"\r\u001b[0m\n    \u001b[2m\"72\"\r\u001b[0m\n    \u001b[2m\"73\"\r\u001b[0m\n    \u001b[2m\"74\"\r\u001b[0m\n    \u001b[2m\"75\"\r\u001b[0m\n    \u001b[2m\"76\"\r\u001b[0m\n    \u001b[2m\"77\"\r\u001b[0m\n    \u001b[2m\"78\"\r\u001b[0m\n    \u001b[2m\"79\"\r\u001b[0m\n    \u001b[2m\"80\"\r\u001b[0m\n    \u001b[2m\"81\"\r\u001b[0m\n    \u001b[2m\"82\"\r\u001b[0m\n    \u001b[2m\"89\"\r\u001b[0m\n    \u001b[2m\"90\"\r\u001b[0m\n    \u001b[2m\"91\"\r\u001b[0m\n    \u001b[2m\"92\"\r\u001b[0m\n    \u001b[2m\"93\"\r\u001b[0m\n    \u001b[2m\"94\"\r\u001b[0m\n    \u001b[2m\"95\"\r\u001b[0m\n    \u001b[2m\"96\"\r\u001b[0m\n    \u001b[2m\"97\"\r\u001b[0m\n    \u001b[2m\"98\"\r\u001b[0m\n    \u001b[2m\"99\"\r\u001b[0m\n    \u001b[2m\"100\"\r\u001b[0m\n    \u001b[2m\"101\"\r\u001b[0m\n    \u001b[2m\"102\"\r\u001b[0m\n    \u001b[2m\"103\"\r\u001b[0m\n    \u001b[2m\"104\"\r\u001b[0m\n    \u001b[2m\"105\"\r\u001b[0m\n    \u001b[2m\"106\"\r\u001b[0m\n    \u001b[2m\"107\"\r\u001b[0m\n    \u001b[2m\"108\"\r\u001b[0m\n    \u001b[2m\"109\"\r\u001b[0m\n    \u001b[2m\"110\"\r\u001b[0m\n    \u001b[2m\"111\"\r\u001b[0m\n    \u001b[2m\"112\"\r\u001b[0m\n    \u001b[2m\"113\"\r\u001b[0m\n    \u001b[2m\"114\"\r\u001b[0m\n    \u001b[2m\"115\"\r\u001b[0m\n    \u001b[2m\"116\"\r\u001b[0m\n    \u001b[2m\"117\"\r\u001b[0m\n    \u001b[2m\"118\"\r\u001b[0m\n    \u001b[2m\"119\"\r\u001b[0m\n    \u001b[2m\"120\"\r\u001b[0m\n"}
{"level":"debug","time":"2022-12-13T15:58:14.801+0530","caller":"cmd/bin.go:213","msg":"main: received C-c - attempting graceful shutdown ...."}
{"level":"debug","time":"2022-12-13T15:58:14.801+0530","caller":"cmd/bin.go:214","msg":"Sending abort job signal to sentinel"}
{"level":"debug","time":"2022-12-13T15:58:15.686+0530","caller":"core/lifecycle.go:304","msg":"Job ID: e2c0307b-e010-4298-8bb6-04cf75f8ea19"}
{"level":"debug","time":"2022-12-13T15:58:15.688+0530","caller":"archivemanager/setup.go:175","msg":"Creating archive of target directory: /Users/vishnu/testsuites/hyperexecute/Testng-HYE"}
{"level":"debug","time":"2022-12-13T15:58:15.707+0530","caller":"cmd/bin.go:221","msg":"Sending request to abort job"}
{"level":"debug","time":"2022-12-13T15:58:15.734+0530","caller":"archivemanager/setup.go:379","msg":"Zip file size: 68KB"}
{"level":"debug","time":"2022-12-13T15:58:15.734+0530","caller":"core/lifecycle.go:419","msg":"Archive location: /Users/vishnu/testsuites/hyperexecute/Testng-HYE/hyperexecute-code-e2c0307b-e010-4298-8bb6-04cf75f8ea19.zip\n"}
{"level":"debug","time":"2022-12-13T15:58:15.744+0530","caller":"utils/azcopy.go:75","msg":"Downloading dependency binary ..................."}
{"level":"debug","time":"2022-12-13T15:58:17.195+0530","caller":"cmd/bin.go:228","msg":"main: telling goroutines to stop"}
{"level":"debug","time":"2022-12-13T16:05:21.113+0530","caller":"cmd/bin.go:170","msg":"HyperExecute cli version: 0.2.21"}
{"level":"error","time":"2022-12-13T16:05:23.032+0530","caller":"configmanager/configManager.go:39","msg":"2022-12-13T16:05:21+05:30    error    \u001b[91mERR::HTTP::RESP\u001b[0m     non-20x status code 422 - error in authenticating user."}
{"level":"error","time":"2022-12-13T16:05:23.033+0530","caller":"core/lifecycle.go:66","msg":"2022-12-13T16:05:21+05:30    error    \u001b[91mERR::HTTP::RESP\u001b[0m     non-20x status code 422 - Error finding the configuration for the user."}
{"level":"debug","time":"2022-12-13T16:05:24.409+0530","caller":"core/lifecycle.go:95","msg":"Upstream version: {Name: Min:0.2.21 Max:0.2.21} "}
{"level":"debug","time":"2022-12-13T16:05:24.409+0530","caller":"core/lifecycle.go:112","msg":"Setting environment"}
{"level":"debug","time":"2022-12-13T16:05:24.410+0530","caller":"core/lifecycle.go:118","msg":"Parsing config"}
{"level":"debug","time":"2022-12-13T16:05:24.411+0530","caller":"yamlconfigmanager/setup.go:347","msg":"Custom location for .hyperexecute.yaml specified. Using: hyperexecuteStatic.yaml"}
{"level":"debug","time":"2022-12-13T16:05:24.411+0530","caller":"yamlconfigmanager/setup.go:64","msg":"using hyperexecute config from : hyperexecuteStatic.yaml"}
{"level":"debug","time":"2022-12-13T16:05:25.629+0530","caller":"yamlconfigmanager/setup.go:1297","msg":"Autodetecting test type in files of path : /Users/vishnu/testsuites/hyperexecute/Testng-HYE"}
{"level":"debug","time":"2022-12-13T16:05:25.630+0530","caller":"yamlconfigmanager/setup.go:300","msg":"Tunnel: false"}
{"level":"info","time":"2022-12-13T16:05:25.630+0530","caller":"models/HypertestYamlConfig.go:186","msg":"\n\u001b[4m\u001b[1m\u001b[97mExecution Plan\u001b[0m\u001b[0m\u001b[0m"}
{"level":"info","time":"2022-12-13T16:05:25.633+0530","caller":"models/HypertestYamlConfig.go:190","msg":"Mode:    \u001b[36mautosplit\u001b[0m"}
{"level":"info","time":"2022-12-13T16:05:25.633+0530","caller":"models/HypertestYamlConfig.go:221","msg":"Runson:    \u001b[36mwin\u001b[0m"}
{"level":"info","time":"2022-12-13T16:05:25.633+0530","caller":"models/HypertestYamlConfig.go:225","msg":"Concurrency:    \u001b[36m5\u001b[0m"}
{"level":"info","time":"2022-12-13T16:05:25.633+0530","caller":"models/HypertestYamlConfig.go:257","msg":"Report:    \u001b[36menabled\u001b[0m"}
{"level":"info","time":"2022-12-13T16:05:25.633+0530","caller":"models/HypertestYamlConfig.go:260","msg":"Artefacts:"}
{"level":"info","time":"2022-12-13T16:05:25.633+0530","caller":"models/HypertestYamlConfig.go:263","msg":"    Files:    \u001b[36m/**\u001b[0m"}
{"level":"info","time":"2022-12-13T16:05:25.633+0530","caller":"models/HypertestYamlConfig.go:274","msg":"Cache Directories:"}
{"level":"info","time":"2022-12-13T16:05:25.633+0530","caller":"models/HypertestYamlConfig.go:276","msg":"    \u001b[36m.m2\u001b[0m"}
{"level":"info","time":"2022-12-13T16:05:25.633+0530","caller":"models/HypertestYamlConfig.go:297","msg":""}
{"level":"debug","time":"2022-12-13T16:05:25.636+0530","caller":"filevalidator/setup.go:51","msg":"Warning: Checking data.json file in current directory, no dataJsonPath found in .hyperexecute.yaml"}
{"level":"debug","time":"2022-12-13T16:05:25.641+0530","caller":"filevalidator/setup.go:55","msg":"Warning: data.json file doesn't exist"}
{"level":"debug","time":"2022-12-13T16:05:25.641+0530","caller":"testdiscoverer/discoverer.go:62","msg":"Test Discovery Command: grep 'test name' src/test/java/testng.xml | awk '{print$2}' | sed 's/name=//g' | sed 's/\\x3e//g'"}
{"level":"info","time":"2022-12-13T16:05:25.665+0530","caller":"testdiscoverer/discoverer.go:75","msg":"\u001b[4m\u001b[1m\u001b[97mTest Discovery Result: 55\u001b[0m\u001b[0m\u001b[0m"}
{"level":"info","time":"2022-12-13T16:05:25.665+0530","caller":"testdiscoverer/discoverer.go:76","msg":"    \u001b[2m\"Chrome\"\r\u001b[0m\n    \u001b[2m\"firefox\"\r\u001b[0m\n    \u001b[2m\"Edge\"\r\u001b[0m\n    \u001b[2m\"Chrome_1\"\r\u001b[0m\n    \u001b[2m\"firefox_1\"\r\u001b[0m\n    \u001b[2m\"Edge_1\"\r\u001b[0m\n    \u001b[2m\"firefox_2\"\r\u001b[0m\n    \u001b[2m\"Edge_2\"\r\u001b[0m\n    \u001b[2m\"Chrome_3\"\r\u001b[0m\n    \u001b[2m\"firefox_3\"\r\u001b[0m\n    \u001b[2m\"70\"\r\u001b[0m\n    \u001b[2m\"71\"\r\u001b[0m\n    \u001b[2m\"72\"\r\u001b[0m\n    \u001b[2m\"73\"\r\u001b[0m\n    \u001b[2m\"74\"\r\u001b[0m\n    \u001b[2m\"75\"\r\u001b[0m\n    \u001b[2m\"76\"\r\u001b[0m\n    \u001b[2m\"77\"\r\u001b[0m\n    \u001b[2m\"78\"\r\u001b[0m\n    \u001b[2m\"79\"\r\u001b[0m\n    \u001b[2m\"80\"\r\u001b[0m\n    \u001b[2m\"81\"\r\u001b[0m\n    \u001b[2m\"82\"\r\u001b[0m\n    \u001b[2m\"89\"\r\u001b[0m\n    \u001b[2m\"90\"\r\u001b[0m\n    \u001b[2m\"91\"\r\u001b[0m\n    \u001b[2m\"92\"\r\u001b[0m\n    \u001b[2m\"93\"\r\u001b[0m\n    \u001b[2m\"94\"\r\u001b[0m\n    \u001b[2m\"95\"\r\u001b[0m\n    \u001b[2m\"96\"\r\u001b[0m\n    \u001b[2m\"97\"\r\u001b[0m\n    \u001b[2m\"98\"\r\u001b[0m\n    \u001b[2m\"99\"\r\u001b[0m\n    \u001b[2m\"100\"\r\u001b[0m\n    \u001b[2m\"101\"\r\u001b[0m\n    \u001b[2m\"102\"\r\u001b[0m\n    \u001b[2m\"103\"\r\u001b[0m\n    \u001b[2m\"104\"\r\u001b[0m\n    \u001b[2m\"105\"\r\u001b[0m\n    \u001b[2m\"106\"\r\u001b[0m\n    \u001b[2m\"107\"\r\u001b[0m\n    \u001b[2m\"108\"\r\u001b[0m\n    \u001b[2m\"109\"\r\u001b[0m\n    \u001b[2m\"110\"\r\u001b[0m\n    \u001b[2m\"111\"\r\u001b[0m\n    \u001b[2m\"112\"\r\u001b[0m\n    \u001b[2m\"113\"\r\u001b[0m\n    \u001b[2m\"114\"\r\u001b[0m\n    \u001b[2m\"115\"\r\u001b[0m\n    \u001b[2m\"116\"\r\u001b[0m\n    \u001b[2m\"117\"\r\u001b[0m\n    \u001b[2m\"118\"\r\u001b[0m\n    \u001b[2m\"119\"\r\u001b[0m\n    \u001b[2m\"120\"\r\u001b[0m\n"}
{"level":"debug","time":"2022-12-13T16:05:27.221+0530","caller":"core/lifecycle.go:304","msg":"Job ID: 1f4fd64e-9583-4d63-9468-6605857f26d1"}
{"level":"debug","time":"2022-12-13T16:05:27.221+0530","caller":"archivemanager/setup.go:175","msg":"Creating archive of target directory: /Users/vishnu/testsuites/hyperexecute/Testng-HYE"}
{"level":"debug","time":"2022-12-13T16:05:27.259+0530","caller":"archivemanager/setup.go:379","msg":"Zip file size: 68KB"}
{"level":"debug","time":"2022-12-13T16:05:27.260+0530","caller":"core/lifecycle.go:419","msg":"Archive location: /Users/vishnu/testsuites/hyperexecute/Testng-HYE/hyperexecute-code-1f4fd64e-9583-4d63-9468-6605857f26d1.zip\n"}
{"level":"debug","time":"2022-12-13T16:05:27.261+0530","caller":"utils/azcopy.go:75","msg":"Downloading dependency binary ..................."}
{"level":"debug","time":"2022-12-13T16:05:27.452+0530","caller":"cmd/bin.go:213","msg":"main: received C-c - attempting graceful shutdown ...."}
{"level":"debug","time":"2022-12-13T16:05:27.453+0530","caller":"cmd/bin.go:214","msg":"Sending abort job signal to sentinel"}
{"level":"debug","time":"2022-12-13T16:05:27.453+0530","caller":"cmd/bin.go:221","msg":"Sending request to abort job"}
{"level":"debug","time":"2022-12-13T16:05:28.765+0530","caller":"cmd/bin.go:228","msg":"main: telling goroutines to stop"}
